2026-02-09 21:35:08,292 [INFO] [global_logger] Initializing DetectModels...
2026-02-09 21:35:11,246 [INFO] [global_logger] DetectModels initialized successfully
2026-02-09 21:35:11,247 [INFO] [global_logger] Starting full detection pipeline
2026-02-09 21:35:11,590 [INFO] [global_logger] Detected 1 plates in the image
2026-02-09 21:35:11,652 [INFO] [global_logger] Detection pipeline completed: 1 plates processed
2026-02-17 21:02:30,543 [INFO] [global_logger] Uruchamianie serwera FastAPI na http://127.0.0.1:8000
2026-02-17 21:02:30,925 [INFO] [global_logger] Uruchamianie aplikacji – inicjalizacja bazy danych...
2026-02-17 21:02:30,941 [INFO] [global_logger] Baza danych zainicjalizowana pomyślnie.
2026-02-17 21:02:49,725 [INFO] [global_logger] Create user in database
2026-02-17 21:02:49,725 [ERROR] [global_logger] Error creating user: UserRepository.create() missing 1 required positional argument: 'self'
2026-02-17 21:03:39,971 [INFO] [global_logger] Zamykanie połączeń z bazą danych...
2026-02-17 21:03:39,973 [INFO] [global_logger] Połączenia z bazą zostały zamknięte.
2026-02-17 21:03:40,403 [INFO] [global_logger] Uruchamianie aplikacji – inicjalizacja bazy danych...
2026-02-17 21:03:40,404 [INFO] [global_logger] Baza danych zainicjalizowana pomyślnie.
2026-02-17 21:03:43,377 [INFO] [global_logger] Create user in database
2026-02-17 21:03:43,378 [ERROR] [global_logger] Error creating user: UserRepository.create() missing 1 required positional argument: 'self'
2026-02-17 21:03:52,141 [INFO] [global_logger] Create user in database
2026-02-17 21:03:52,141 [ERROR] [global_logger] Error creating user: UserRepository.create() missing 1 required positional argument: 'self'
2026-02-17 21:04:21,214 [INFO] [global_logger] Zamykanie połączeń z bazą danych...
2026-02-17 21:04:21,216 [INFO] [global_logger] Połączenia z bazą zostały zamknięte.
2026-02-17 21:04:21,630 [INFO] [global_logger] Uruchamianie aplikacji – inicjalizacja bazy danych...
2026-02-17 21:04:21,635 [INFO] [global_logger] Baza danych zainicjalizowana pomyślnie.
2026-02-17 21:04:23,319 [INFO] [global_logger] Create user in database
2026-02-17 21:06:18,239 [INFO] [global_logger] Zamykanie połączeń z bazą danych...
2026-02-17 21:06:18,239 [INFO] [global_logger] Połączenia z bazą zostały zamknięte.
2026-02-17 21:06:18,644 [INFO] [global_logger] Uruchamianie aplikacji – inicjalizacja bazy danych...
2026-02-17 21:06:18,647 [INFO] [global_logger] Baza danych zainicjalizowana pomyślnie.
2026-02-17 21:06:24,204 [INFO] [global_logger] Create user in database
2026-02-17 21:06:24,208 [ERROR] [global_logger] Error creating user: (sqlite3.IntegrityError) UNIQUE constraint failed: users.email
[SQL: INSERT INTO users (username, email, password, registration_date) VALUES (?, ?, ?, ?)]
[parameters: ('alice_wonder', 'alice@example.com', 'SuperSecure123!', '2026-02-11 15:30:00.000000')]
(Background on this error at: https://sqlalche.me/e/20/gkpj)
2026-02-17 21:07:08,362 [INFO] [global_logger] Create user in database
2026-02-17 21:08:54,019 [INFO] [global_logger] Create user in database
2026-02-17 21:08:54,021 [ERROR] [global_logger] Error creating user: (sqlite3.IntegrityError) UNIQUE constraint failed: users.email
[SQL: INSERT INTO users (username, email, password, registration_date) VALUES (?, ?, ?, ?)]
[parameters: ('alice_wonder', 'alice@example.com', 'SuperSecure123!', '2026-02-11 15:30:00.000000')]
(Background on this error at: https://sqlalche.me/e/20/gkpj)
2026-02-17 21:11:40,745 [INFO] [global_logger] Zamykanie połączeń z bazą danych...
2026-02-17 21:11:40,748 [INFO] [global_logger] Połączenia z bazą zostały zamknięte.
2026-02-17 21:11:41,144 [INFO] [global_logger] Uruchamianie aplikacji – inicjalizacja bazy danych...
2026-02-17 21:11:41,147 [INFO] [global_logger] Baza danych zainicjalizowana pomyślnie.
2026-02-17 21:11:50,774 [INFO] [global_logger] Zamykanie połączeń z bazą danych...
2026-02-17 21:11:50,776 [INFO] [global_logger] Połączenia z bazą zostały zamknięte.
2026-02-17 21:11:51,181 [INFO] [global_logger] Uruchamianie aplikacji – inicjalizacja bazy danych...
2026-02-17 21:11:51,184 [INFO] [global_logger] Baza danych zainicjalizowana pomyślnie.
2026-02-17 21:11:59,809 [INFO] [global_logger] Zamykanie połączeń z bazą danych...
2026-02-17 21:11:59,810 [INFO] [global_logger] Połączenia z bazą zostały zamknięte.
2026-02-17 21:12:00,193 [INFO] [global_logger] Uruchamianie aplikacji – inicjalizacja bazy danych...
2026-02-17 21:12:00,196 [INFO] [global_logger] Baza danych zainicjalizowana pomyślnie.
2026-02-17 21:12:12,827 [INFO] [global_logger] Create user in database
2026-02-17 21:12:12,827 [ERROR] [global_logger] Error creating user: UserServices.user_create() missing 1 required positional argument: 'data'
2026-02-17 21:12:26,632 [INFO] [global_logger] Create user in database
2026-02-17 21:12:26,632 [ERROR] [global_logger] Error creating user: UserServices.user_create() missing 1 required positional argument: 'data'
2026-02-17 21:14:37,425 [INFO] [global_logger] Zamykanie połączeń z bazą danych...
2026-02-17 21:14:37,427 [INFO] [global_logger] Połączenia z bazą zostały zamknięte.
2026-02-17 21:14:37,878 [INFO] [global_logger] Uruchamianie aplikacji – inicjalizacja bazy danych...
2026-02-17 21:14:37,881 [INFO] [global_logger] Baza danych zainicjalizowana pomyślnie.
2026-02-17 21:14:46,131 [INFO] [global_logger] Create user in database
2026-02-17 21:14:46,131 [ERROR] [global_logger] Error creating user: UserServices.user_create() missing 1 required positional argument: 'data'
2026-02-17 21:15:14,887 [INFO] [global_logger] Zamykanie połączeń z bazą danych...
2026-02-17 21:15:14,888 [INFO] [global_logger] Połączenia z bazą zostały zamknięte.
2026-02-17 21:15:17,832 [INFO] [global_logger] Uruchamianie serwera FastAPI na http://127.0.0.1:8000
2026-02-17 21:15:18,212 [INFO] [global_logger] Uruchamianie aplikacji – inicjalizacja bazy danych...
2026-02-17 21:15:18,215 [INFO] [global_logger] Baza danych zainicjalizowana pomyślnie.
2026-02-17 21:15:24,400 [INFO] [global_logger] Create user in database
2026-02-17 21:15:24,400 [ERROR] [global_logger] Error creating user: UserServices.user_create() missing 1 required positional argument: 'data'
2026-02-17 21:16:39,633 [INFO] [global_logger] Zamykanie połączeń z bazą danych...
2026-02-17 21:16:39,635 [INFO] [global_logger] Połączenia z bazą zostały zamknięte.
2026-02-17 21:16:40,038 [INFO] [global_logger] Uruchamianie aplikacji – inicjalizacja bazy danych...
2026-02-17 21:16:40,041 [INFO] [global_logger] Baza danych zainicjalizowana pomyślnie.
2026-02-17 21:16:44,824 [INFO] [global_logger] Create user in database
2026-02-17 21:16:44,824 [INFO] [global_logger] Create user in database
2026-02-17 21:16:44,827 [WARNING] [global_logger] Email already exists: alice@example.com
2026-02-17 21:16:44,827 [ERROR] [global_logger] Error creating user: 409: Email already exists
2026-02-17 21:17:27,235 [INFO] [global_logger] Create user in database
2026-02-17 21:17:27,235 [INFO] [global_logger] Create user in database
2026-02-17 21:17:27,236 [WARNING] [global_logger] Email already exists: alice@example.com
2026-02-17 21:17:27,236 [ERROR] [global_logger] Error creating user: 409: Email already exists
2026-02-17 21:17:31,239 [INFO] [global_logger] Create user in database
2026-02-17 21:17:31,239 [INFO] [global_logger] Create user in database
2026-02-17 21:17:33,240 [INFO] [global_logger] Create user in database
2026-02-17 21:17:33,240 [INFO] [global_logger] Create user in database
2026-02-17 21:17:33,241 [WARNING] [global_logger] Email already exists: alidsace@example.com
2026-02-17 21:17:33,241 [ERROR] [global_logger] Error creating user: 409: Email already exists
2026-02-17 21:18:14,203 [INFO] [global_logger] Zamykanie połączeń z bazą danych...
2026-02-17 21:18:14,206 [INFO] [global_logger] Połączenia z bazą zostały zamknięte.
2026-02-17 21:18:14,618 [INFO] [global_logger] Uruchamianie aplikacji – inicjalizacja bazy danych...
2026-02-17 21:18:14,622 [INFO] [global_logger] Baza danych zainicjalizowana pomyślnie.
2026-02-17 21:18:21,700 [INFO] [global_logger] Create user in database
2026-02-17 21:18:21,700 [INFO] [global_logger] Create user in database
2026-02-17 21:18:21,703 [WARNING] [global_logger] Email already exists: alidsace@example.com
2026-02-17 21:18:21,703 [ERROR] [global_logger] Error creating user: 409: Email already exists
2026-02-17 21:18:24,194 [INFO] [global_logger] Create user in database
2026-02-17 21:18:24,194 [INFO] [global_logger] Create user in database
2026-02-17 21:18:24,226 [INFO] [global_logger] <app.api.modules.tables.User object at 0x7f94fc73bb10>
2026-02-17 21:19:11,376 [INFO] [global_logger] Zamykanie połączeń z bazą danych...
2026-02-17 21:19:11,378 [INFO] [global_logger] Połączenia z bazą zostały zamknięte.
2026-02-17 21:19:11,801 [INFO] [global_logger] Uruchamianie aplikacji – inicjalizacja bazy danych...
2026-02-17 21:19:11,804 [INFO] [global_logger] Baza danych zainicjalizowana pomyślnie.
2026-02-17 21:19:15,848 [INFO] [global_logger] Create user in database
2026-02-17 21:19:15,849 [INFO] [global_logger] Create user in database
2026-02-17 21:19:15,859 [INFO] [global_logger] <app.api.modules.tables.User object at 0x7f4d994a0590>
2026-02-17 21:19:15,860 [ERROR] [global_logger] Error creating user: Instance <User at 0x7f4d994a0590> is not bound to a Session; attribute refresh operation cannot proceed (Background on this error at: https://sqlalche.me/e/20/bhk3)
2026-02-17 21:19:34,587 [INFO] [global_logger] Create user in database
2026-02-17 21:19:34,588 [INFO] [global_logger] Create user in database
2026-02-17 21:19:34,599 [INFO] [global_logger] <app.api.modules.tables.User object at 0x7f4d99427c50>
2026-02-17 21:19:34,599 [ERROR] [global_logger] Error creating user: Instance <User at 0x7f4d99427c50> is not bound to a Session; attribute refresh operation cannot proceed (Background on this error at: https://sqlalche.me/e/20/bhk3)
2026-02-17 21:19:45,356 [INFO] [global_logger] Create user in database
2026-02-17 21:19:45,356 [INFO] [global_logger] Create user in database
2026-02-17 21:19:45,365 [INFO] [global_logger] <app.api.modules.tables.User object at 0x7f4d994274d0>
2026-02-17 21:19:45,365 [ERROR] [global_logger] Error creating user: Instance <User at 0x7f4d994274d0> is not bound to a Session; attribute refresh operation cannot proceed (Background on this error at: https://sqlalche.me/e/20/bhk3)
2026-02-17 21:21:19,658 [INFO] [global_logger] Zamykanie połączeń z bazą danych...
2026-02-17 21:21:19,660 [INFO] [global_logger] Połączenia z bazą zostały zamknięte.
2026-02-17 21:21:20,054 [INFO] [global_logger] Uruchamianie aplikacji – inicjalizacja bazy danych...
2026-02-17 21:21:20,058 [INFO] [global_logger] Baza danych zainicjalizowana pomyślnie.
2026-02-17 21:21:22,267 [INFO] [global_logger] Zamykanie połączeń z bazą danych...
2026-02-17 21:21:22,269 [INFO] [global_logger] Połączenia z bazą zostały zamknięte.
2026-02-17 21:21:23,662 [INFO] [global_logger] Uruchamianie serwera FastAPI na http://127.0.0.1:8000
2026-02-17 21:21:24,045 [INFO] [global_logger] Uruchamianie aplikacji – inicjalizacja bazy danych...
2026-02-17 21:21:24,048 [INFO] [global_logger] Baza danych zainicjalizowana pomyślnie.
2026-02-17 21:21:31,449 [INFO] [global_logger] Create user in database
2026-02-17 21:21:31,449 [INFO] [global_logger] Create user in database
2026-02-17 21:21:31,462 [INFO] [global_logger] <app.api.modules.tables.User object at 0x7f6ff5ab8440>
2026-02-17 21:21:31,462 [INFO] [global_logger] 8
2026-02-17 21:21:31,462 [INFO] [global_logger] alice_wonder
2026-02-17 21:21:31,462 [INFO] [global_logger] alic21@example.com
2026-02-17 21:21:31,462 [INFO] [global_logger] 2026-02-11 15:30:00
2026-02-17 21:21:54,939 [INFO] [global_logger] Zamykanie połączeń z bazą danych...
2026-02-17 21:21:54,941 [INFO] [global_logger] Połączenia z bazą zostały zamknięte.
2026-02-17 21:21:55,342 [INFO] [global_logger] Uruchamianie aplikacji – inicjalizacja bazy danych...
2026-02-17 21:21:55,344 [INFO] [global_logger] Baza danych zainicjalizowana pomyślnie.
2026-02-17 21:22:23,321 [INFO] [global_logger] Zamykanie połączeń z bazą danych...
2026-02-17 21:22:23,322 [INFO] [global_logger] Połączenia z bazą zostały zamknięte.
2026-02-17 21:22:23,722 [INFO] [global_logger] Uruchamianie aplikacji – inicjalizacja bazy danych...
2026-02-17 21:22:23,724 [INFO] [global_logger] Baza danych zainicjalizowana pomyślnie.
2026-02-17 21:23:43,750 [INFO] [global_logger] Zamykanie połączeń z bazą danych...
2026-02-17 21:23:43,751 [INFO] [global_logger] Połączenia z bazą zostały zamknięte.
2026-02-17 21:23:44,152 [INFO] [global_logger] Uruchamianie aplikacji – inicjalizacja bazy danych...
2026-02-17 21:23:44,154 [INFO] [global_logger] Baza danych zainicjalizowana pomyślnie.
2026-02-17 21:24:18,739 [INFO] [global_logger] Zamykanie połączeń z bazą danych...
2026-02-17 21:24:18,740 [INFO] [global_logger] Połączenia z bazą zostały zamknięte.
2026-02-17 21:24:19,130 [INFO] [global_logger] Uruchamianie aplikacji – inicjalizacja bazy danych...
2026-02-17 21:24:19,133 [INFO] [global_logger] Baza danych zainicjalizowana pomyślnie.
2026-02-17 21:24:40,395 [INFO] [global_logger] Zamykanie połączeń z bazą danych...
2026-02-17 21:24:40,397 [INFO] [global_logger] Połączenia z bazą zostały zamknięte.
2026-02-17 21:24:40,781 [INFO] [global_logger] Uruchamianie aplikacji – inicjalizacja bazy danych...
2026-02-17 21:24:40,784 [INFO] [global_logger] Baza danych zainicjalizowana pomyślnie.
2026-02-17 21:24:44,862 [INFO] [global_logger] Create user in database
2026-02-17 21:24:44,863 [INFO] [global_logger] Create user in database
2026-02-17 21:26:21,063 [INFO] [global_logger] Zamykanie połączeń z bazą danych...
2026-02-17 21:26:21,065 [INFO] [global_logger] Połączenia z bazą zostały zamknięte.
2026-02-17 21:46:11,525 [INFO] [global_logger] Uruchamianie serwera FastAPI na http://127.0.0.1:8000
2026-02-17 21:46:11,922 [INFO] [global_logger] Uruchamianie aplikacji – inicjalizacja bazy danych...
2026-02-17 21:46:11,924 [INFO] [global_logger] Baza danych zainicjalizowana pomyślnie.
2026-02-17 21:46:31,001 [INFO] [global_logger] Create user in database
2026-02-17 21:46:31,002 [INFO] [global_logger] Create user in database
2026-02-17 21:47:20,307 [INFO] [global_logger] Zamykanie połączeń z bazą danych...
2026-02-17 21:47:20,308 [INFO] [global_logger] Połączenia z bazą zostały zamknięte.
2026-02-17 21:47:20,750 [INFO] [global_logger] Uruchamianie aplikacji – inicjalizacja bazy danych...
2026-02-17 21:47:20,752 [INFO] [global_logger] Baza danych zainicjalizowana pomyślnie.
2026-02-17 21:47:23,910 [INFO] [global_logger] Create user in database
2026-02-17 21:48:24,340 [INFO] [global_logger] Create user in database
2026-02-17 21:48:27,628 [INFO] [global_logger] Zamykanie połączeń z bazą danych...
2026-02-17 21:48:27,630 [INFO] [global_logger] Połączenia z bazą zostały zamknięte.
2026-02-17 21:48:29,411 [INFO] [global_logger] Uruchamianie serwera FastAPI na http://127.0.0.1:8000
2026-02-17 21:48:29,848 [INFO] [global_logger] Uruchamianie aplikacji – inicjalizacja bazy danych...
2026-02-17 21:48:29,851 [INFO] [global_logger] Baza danych zainicjalizowana pomyślnie.
2026-02-17 21:48:31,536 [INFO] [global_logger] Create user in database
2026-02-17 21:48:31,594 [INFO] [global_logger] Create user in database
2026-02-17 21:48:46,099 [INFO] [global_logger] Zamykanie połączeń z bazą danych...
2026-02-17 21:48:46,100 [INFO] [global_logger] Połączenia z bazą zostały zamknięte.
2026-02-17 21:48:46,500 [INFO] [global_logger] Uruchamianie aplikacji – inicjalizacja bazy danych...
2026-02-17 21:48:46,503 [INFO] [global_logger] Baza danych zainicjalizowana pomyślnie.
2026-02-17 21:50:11,151 [INFO] [global_logger] Zamykanie połączeń z bazą danych...
2026-02-17 21:50:11,153 [INFO] [global_logger] Połączenia z bazą zostały zamknięte.
2026-02-17 21:50:11,554 [INFO] [global_logger] Uruchamianie aplikacji – inicjalizacja bazy danych...
2026-02-17 21:50:11,557 [INFO] [global_logger] Baza danych zainicjalizowana pomyślnie.
2026-02-17 21:50:30,514 [INFO] [global_logger] Zamykanie połączeń z bazą danych...
2026-02-17 21:50:30,515 [INFO] [global_logger] Połączenia z bazą zostały zamknięte.
2026-02-17 21:50:30,907 [INFO] [global_logger] Uruchamianie aplikacji – inicjalizacja bazy danych...
2026-02-17 21:50:30,909 [INFO] [global_logger] Baza danych zainicjalizowana pomyślnie.
2026-02-17 21:50:54,374 [INFO] [global_logger] Zamykanie połączeń z bazą danych...
2026-02-17 21:50:54,376 [INFO] [global_logger] Połączenia z bazą zostały zamknięte.
2026-02-17 21:53:48,417 [INFO] [global_logger] Uruchamianie aplikacji – inicjalizacja bazy danych...
2026-02-17 21:53:48,419 [INFO] [global_logger] Baza danych zainicjalizowana pomyślnie.
2026-02-17 21:55:05,536 [INFO] [global_logger] Zamykanie połączeń z bazą danych...
2026-02-17 21:55:05,539 [INFO] [global_logger] Połączenia z bazą zostały zamknięte.
2026-02-17 21:55:05,950 [INFO] [global_logger] Uruchamianie aplikacji – inicjalizacja bazy danych...
2026-02-17 21:55:05,953 [INFO] [global_logger] Baza danych zainicjalizowana pomyślnie.
2026-02-17 21:56:43,515 [INFO] [global_logger] Zamykanie połączeń z bazą danych...
2026-02-17 21:56:43,517 [INFO] [global_logger] Połączenia z bazą zostały zamknięte.
2026-02-17 21:56:43,911 [INFO] [global_logger] Uruchamianie aplikacji – inicjalizacja bazy danych...
2026-02-17 21:56:43,914 [INFO] [global_logger] Baza danych zainicjalizowana pomyślnie.
2026-02-17 21:59:09,224 [INFO] [global_logger] Zamykanie połączeń z bazą danych...
2026-02-17 21:59:09,225 [INFO] [global_logger] Połączenia z bazą zostały zamknięte.
2026-02-17 21:59:09,617 [INFO] [global_logger] Uruchamianie aplikacji – inicjalizacja bazy danych...
2026-02-17 21:59:09,619 [INFO] [global_logger] Baza danych zainicjalizowana pomyślnie.
2026-02-17 22:02:22,340 [INFO] [global_logger] Zamykanie połączeń z bazą danych...
2026-02-17 22:02:22,342 [INFO] [global_logger] Połączenia z bazą zostały zamknięte.
2026-02-17 22:02:22,742 [INFO] [global_logger] Uruchamianie aplikacji – inicjalizacja bazy danych...
2026-02-17 22:02:22,743 [INFO] [global_logger] Baza danych zainicjalizowana pomyślnie.
2026-02-17 22:03:02,151 [INFO] [global_logger] Zamykanie połączeń z bazą danych...
2026-02-17 22:03:02,153 [INFO] [global_logger] Połączenia z bazą zostały zamknięte.
2026-02-17 22:03:02,560 [INFO] [global_logger] Uruchamianie aplikacji – inicjalizacja bazy danych...
2026-02-17 22:03:02,563 [INFO] [global_logger] Baza danych zainicjalizowana pomyślnie.
2026-02-17 22:04:09,139 [INFO] [global_logger] Zamykanie połączeń z bazą danych...
2026-02-17 22:04:09,141 [INFO] [global_logger] Połączenia z bazą zostały zamknięte.
2026-02-17 22:05:02,807 [INFO] [global_logger] Uruchamianie aplikacji – inicjalizacja bazy danych...
2026-02-17 22:05:02,810 [INFO] [global_logger] Baza danych zainicjalizowana pomyślnie.
2026-02-17 22:05:09,329 [INFO] [global_logger] Zamykanie połączeń z bazą danych...
2026-02-17 22:05:09,331 [INFO] [global_logger] Połączenia z bazą zostały zamknięte.
2026-02-17 22:05:09,727 [INFO] [global_logger] Uruchamianie aplikacji – inicjalizacja bazy danych...
2026-02-17 22:05:09,730 [INFO] [global_logger] Baza danych zainicjalizowana pomyślnie.
2026-02-17 22:05:21,464 [INFO] [global_logger] Zamykanie połączeń z bazą danych...
2026-02-17 22:05:21,466 [INFO] [global_logger] Połączenia z bazą zostały zamknięte.
2026-02-17 22:05:21,899 [INFO] [global_logger] Uruchamianie aplikacji – inicjalizacja bazy danych...
2026-02-17 22:05:21,902 [INFO] [global_logger] Baza danych zainicjalizowana pomyślnie.
2026-02-17 22:10:15,339 [INFO] [global_logger] Zamykanie połączeń z bazą danych...
2026-02-17 22:10:15,340 [INFO] [global_logger] Połączenia z bazą zostały zamknięte.
2026-02-17 22:10:15,770 [INFO] [global_logger] Uruchamianie aplikacji – inicjalizacja bazy danych...
2026-02-17 22:10:15,773 [INFO] [global_logger] Baza danych zainicjalizowana pomyślnie.
2026-02-17 22:10:22,094 [INFO] [global_logger] Zamykanie połączeń z bazą danych...
2026-02-17 22:10:22,097 [INFO] [global_logger] Połączenia z bazą zostały zamknięte.
2026-02-17 22:10:22,474 [INFO] [global_logger] Uruchamianie aplikacji – inicjalizacja bazy danych...
2026-02-17 22:10:22,477 [INFO] [global_logger] Baza danych zainicjalizowana pomyślnie.
2026-02-17 22:10:35,219 [INFO] [global_logger] Zamykanie połączeń z bazą danych...
2026-02-17 22:10:35,221 [INFO] [global_logger] Połączenia z bazą zostały zamknięte.
2026-02-17 22:10:35,599 [INFO] [global_logger] Uruchamianie aplikacji – inicjalizacja bazy danych...
2026-02-17 22:10:35,600 [INFO] [global_logger] Baza danych zainicjalizowana pomyślnie.
2026-02-17 22:59:56,820 [INFO] [global_logger] Zamykanie połączeń z bazą danych...
2026-02-17 22:59:56,822 [INFO] [global_logger] Połączenia z bazą zostały zamknięte.
2026-02-17 22:59:57,259 [INFO] [global_logger] Uruchamianie aplikacji – inicjalizacja bazy danych...
2026-02-17 22:59:57,261 [INFO] [global_logger] Baza danych zainicjalizowana pomyślnie.
2026-02-17 23:01:14,373 [INFO] [global_logger] Zamykanie połączeń z bazą danych...
2026-02-17 23:01:14,374 [INFO] [global_logger] Połączenia z bazą zostały zamknięte.
2026-02-17 23:02:33,942 [INFO] [global_logger] Uruchamianie aplikacji – inicjalizacja bazy danych...
2026-02-17 23:02:33,944 [INFO] [global_logger] Baza danych zainicjalizowana pomyślnie.
2026-02-17 23:05:08,355 [INFO] [global_logger] Zamykanie połączeń z bazą danych...
2026-02-17 23:05:08,357 [INFO] [global_logger] Połączenia z bazą zostały zamknięte.
2026-02-17 23:05:08,769 [INFO] [global_logger] Uruchamianie aplikacji – inicjalizacja bazy danych...
2026-02-17 23:05:08,772 [INFO] [global_logger] Baza danych zainicjalizowana pomyślnie.
2026-02-17 23:05:19,905 [INFO] [global_logger] Zamykanie połączeń z bazą danych...
2026-02-17 23:05:19,906 [INFO] [global_logger] Połączenia z bazą zostały zamknięte.
2026-02-17 23:05:20,322 [INFO] [global_logger] Uruchamianie aplikacji – inicjalizacja bazy danych...
2026-02-17 23:05:20,324 [INFO] [global_logger] Baza danych zainicjalizowana pomyślnie.
2026-02-17 23:37:06,827 [INFO] [global_logger] Zamykanie połączeń z bazą danych...
2026-02-17 23:37:06,829 [INFO] [global_logger] Połączenia z bazą zostały zamknięte.
2026-02-17 23:37:07,225 [INFO] [global_logger] Uruchamianie aplikacji – inicjalizacja bazy danych...
2026-02-17 23:37:07,227 [INFO] [global_logger] Baza danych zainicjalizowana pomyślnie.
2026-02-17 23:43:05,284 [INFO] [global_logger] Zamykanie połączeń z bazą danych...
2026-02-17 23:43:05,286 [INFO] [global_logger] Połączenia z bazą zostały zamknięte.
2026-02-17 23:43:05,703 [INFO] [global_logger] Uruchamianie aplikacji – inicjalizacja bazy danych...
2026-02-17 23:43:05,706 [INFO] [global_logger] Baza danych zainicjalizowana pomyślnie.
2026-02-17 23:43:31,282 [INFO] [global_logger] Zamykanie połączeń z bazą danych...
2026-02-17 23:43:31,284 [INFO] [global_logger] Połączenia z bazą zostały zamknięte.
2026-02-17 23:43:31,694 [INFO] [global_logger] Uruchamianie aplikacji – inicjalizacja bazy danych...
2026-02-17 23:43:31,696 [INFO] [global_logger] Baza danych zainicjalizowana pomyślnie.
2026-02-17 23:43:49,248 [INFO] [global_logger] Zamykanie połączeń z bazą danych...
2026-02-17 23:43:49,249 [INFO] [global_logger] Połączenia z bazą zostały zamknięte.
2026-02-17 23:43:49,674 [INFO] [global_logger] Uruchamianie aplikacji – inicjalizacja bazy danych...
2026-02-17 23:43:49,677 [INFO] [global_logger] Baza danych zainicjalizowana pomyślnie.
2026-02-17 23:46:29,309 [INFO] [global_logger] Zamykanie połączeń z bazą danych...
2026-02-17 23:46:29,311 [INFO] [global_logger] Połączenia z bazą zostały zamknięte.
2026-02-17 23:46:29,723 [INFO] [global_logger] Uruchamianie aplikacji – inicjalizacja bazy danych...
2026-02-17 23:46:29,726 [INFO] [global_logger] Baza danych zainicjalizowana pomyślnie.
2026-02-17 23:46:45,976 [INFO] [global_logger] Zamykanie połączeń z bazą danych...
2026-02-17 23:46:45,978 [INFO] [global_logger] Połączenia z bazą zostały zamknięte.
2026-02-17 23:46:47,735 [INFO] [global_logger] Uruchamianie serwera FastAPI na http://127.0.0.1:8000
2026-02-17 23:46:48,167 [INFO] [global_logger] Uruchamianie aplikacji – inicjalizacja bazy danych...
2026-02-17 23:46:48,170 [INFO] [global_logger] Baza danych zainicjalizowana pomyślnie.
2026-02-17 23:47:30,190 [INFO] [global_logger] Zamykanie połączeń z bazą danych...
2026-02-17 23:47:30,191 [INFO] [global_logger] Połączenia z bazą zostały zamknięte.
2026-02-17 23:47:30,674 [INFO] [global_logger] Uruchamianie aplikacji – inicjalizacja bazy danych...
2026-02-17 23:47:30,677 [INFO] [global_logger] Baza danych zainicjalizowana pomyślnie.
2026-02-17 23:47:54,546 [INFO] [global_logger] Zamykanie połączeń z bazą danych...
2026-02-17 23:47:54,548 [INFO] [global_logger] Połączenia z bazą zostały zamknięte.
2026-02-17 23:47:54,994 [INFO] [global_logger] Uruchamianie aplikacji – inicjalizacja bazy danych...
2026-02-17 23:47:54,996 [INFO] [global_logger] Baza danych zainicjalizowana pomyślnie.
2026-02-17 23:48:00,713 [INFO] [global_logger] Zamykanie połączeń z bazą danych...
2026-02-17 23:48:00,716 [INFO] [global_logger] Połączenia z bazą zostały zamknięte.
2026-02-17 23:48:01,124 [INFO] [global_logger] Uruchamianie aplikacji – inicjalizacja bazy danych...
2026-02-17 23:48:01,130 [INFO] [global_logger] Baza danych zainicjalizowana pomyślnie.
2026-02-17 23:48:35,831 [INFO] [global_logger] Zamykanie połączeń z bazą danych...
2026-02-17 23:48:35,833 [INFO] [global_logger] Połączenia z bazą zostały zamknięte.
2026-02-17 23:48:36,267 [INFO] [global_logger] Uruchamianie aplikacji – inicjalizacja bazy danych...
2026-02-17 23:48:36,270 [INFO] [global_logger] Baza danych zainicjalizowana pomyślnie.
2026-02-17 23:48:49,831 [INFO] [global_logger] Create user in database
2026-02-17 23:48:49,887 [INFO] [global_logger] Create user in database
2026-02-17 23:48:49,890 [WARNING] [global_logger] Email already exists: alice@example.com
2026-02-17 23:49:06,286 [INFO] [global_logger] Login user :alice@example.com
2026-02-17 23:49:06,286 [INFO] [global_logger] Logging user with email: alice@example.com
2026-02-17 23:49:55,489 [INFO] [global_logger] Zamykanie połączeń z bazą danych...
2026-02-17 23:49:55,490 [INFO] [global_logger] Połączenia z bazą zostały zamknięte.
2026-02-17 23:49:55,903 [INFO] [global_logger] Uruchamianie aplikacji – inicjalizacja bazy danych...
2026-02-17 23:49:55,905 [INFO] [global_logger] Baza danych zainicjalizowana pomyślnie.
2026-02-17 23:49:57,886 [INFO] [global_logger] Login user :alice@example.com
2026-02-17 23:49:57,886 [INFO] [global_logger] Logging user with email: alice@example.com
2026-02-17 23:50:20,373 [INFO] [global_logger] Zamykanie połączeń z bazą danych...
2026-02-17 23:50:20,375 [INFO] [global_logger] Połączenia z bazą zostały zamknięte.
2026-02-17 23:50:20,791 [INFO] [global_logger] Uruchamianie aplikacji – inicjalizacja bazy danych...
2026-02-17 23:50:20,794 [INFO] [global_logger] Baza danych zainicjalizowana pomyślnie.
2026-02-17 23:50:21,921 [INFO] [global_logger] Login user :alice@example.com
2026-02-17 23:50:21,922 [INFO] [global_logger] Logging user with email: alice@example.com
2026-02-17 23:50:53,780 [INFO] [global_logger] Zamykanie połączeń z bazą danych...
2026-02-17 23:50:53,783 [INFO] [global_logger] Połączenia z bazą zostały zamknięte.
2026-02-17 23:50:54,208 [INFO] [global_logger] Uruchamianie aplikacji – inicjalizacja bazy danych...
2026-02-17 23:50:54,211 [INFO] [global_logger] Baza danych zainicjalizowana pomyślnie.
2026-02-17 23:50:56,362 [INFO] [global_logger] Login user :alice@example.com
2026-02-17 23:50:56,362 [INFO] [global_logger] Logging user with email: alice@example.com
2026-02-17 23:51:58,889 [INFO] [global_logger] Zamykanie połączeń z bazą danych...
2026-02-17 23:51:58,891 [INFO] [global_logger] Połączenia z bazą zostały zamknięte.
2026-02-17 23:51:59,304 [INFO] [global_logger] Uruchamianie aplikacji – inicjalizacja bazy danych...
2026-02-17 23:51:59,306 [INFO] [global_logger] Baza danych zainicjalizowana pomyślnie.
2026-02-17 23:52:06,488 [INFO] [global_logger] Login user :alice@example.com
2026-02-17 23:52:06,488 [INFO] [global_logger] Logging user with email: alice@example.com
2026-02-17 23:54:38,459 [INFO] [global_logger] Zamykanie połączeń z bazą danych...
2026-02-17 23:54:38,460 [INFO] [global_logger] Połączenia z bazą zostały zamknięte.
2026-02-17 23:54:38,870 [INFO] [global_logger] Uruchamianie aplikacji – inicjalizacja bazy danych...
2026-02-17 23:54:38,872 [INFO] [global_logger] Baza danych zainicjalizowana pomyślnie.
2026-02-17 23:54:42,024 [INFO] [global_logger] Login user :email='alice@example.com' password='SuperSecure123!'
2026-02-17 23:54:42,025 [INFO] [global_logger] Logging user with email: alice@example.com
2026-02-17 23:55:01,834 [INFO] [global_logger] Zamykanie połączeń z bazą danych...
2026-02-17 23:55:01,835 [INFO] [global_logger] Połączenia z bazą zostały zamknięte.
2026-02-17 23:55:02,264 [INFO] [global_logger] Uruchamianie aplikacji – inicjalizacja bazy danych...
2026-02-17 23:55:02,267 [INFO] [global_logger] Baza danych zainicjalizowana pomyślnie.
2026-02-17 23:55:05,944 [INFO] [global_logger] Login user :email='alice@example.com' password='SuperSecure123!'
2026-02-17 23:55:05,944 [INFO] [global_logger] Logging user with email: alice@example.com
2026-02-17 23:55:52,000 [INFO] [global_logger] Zamykanie połączeń z bazą danych...
2026-02-17 23:55:52,001 [INFO] [global_logger] Połączenia z bazą zostały zamknięte.
2026-02-17 23:55:52,487 [INFO] [global_logger] Uruchamianie aplikacji – inicjalizacja bazy danych...
2026-02-17 23:55:52,490 [INFO] [global_logger] Baza danych zainicjalizowana pomyślnie.
2026-02-17 23:55:57,546 [INFO] [global_logger] Login user :email='alice@example.com' password='SuperSecure123!'
2026-02-17 23:55:57,546 [INFO] [global_logger] Logging user with email: alice@example.com
2026-02-17 23:56:15,257 [INFO] [global_logger] Zamykanie połączeń z bazą danych...
2026-02-17 23:56:15,259 [INFO] [global_logger] Połączenia z bazą zostały zamknięte.
2026-02-17 23:56:15,657 [INFO] [global_logger] Uruchamianie aplikacji – inicjalizacja bazy danych...
2026-02-17 23:56:15,660 [INFO] [global_logger] Baza danych zainicjalizowana pomyślnie.
2026-02-18 00:02:29,594 [INFO] [global_logger] Zamykanie połączeń z bazą danych...
2026-02-18 00:02:29,596 [INFO] [global_logger] Połączenia z bazą zostały zamknięte.
2026-02-18 00:02:30,001 [INFO] [global_logger] Uruchamianie aplikacji – inicjalizacja bazy danych...
2026-02-18 00:02:30,004 [INFO] [global_logger] Baza danych zainicjalizowana pomyślnie.
2026-02-18 00:02:57,502 [INFO] [global_logger] Getting user with id: 0
2026-02-18 00:03:53,133 [INFO] [global_logger] Zamykanie połączeń z bazą danych...
2026-02-18 00:03:53,135 [INFO] [global_logger] Połączenia z bazą zostały zamknięte.
2026-02-18 00:03:53,528 [INFO] [global_logger] Uruchamianie aplikacji – inicjalizacja bazy danych...
2026-02-18 00:03:53,530 [INFO] [global_logger] Baza danych zainicjalizowana pomyślnie.
2026-02-18 00:03:56,357 [INFO] [global_logger] Getting user with id: 0
2026-02-18 00:03:56,357 [INFO] [global_logger] Fetching user with id=0
2026-02-18 00:06:22,031 [INFO] [global_logger] Zamykanie połączeń z bazą danych...
2026-02-18 00:06:22,033 [INFO] [global_logger] Połączenia z bazą zostały zamknięte.
2026-02-18 00:06:22,446 [INFO] [global_logger] Uruchamianie aplikacji – inicjalizacja bazy danych...
2026-02-18 00:06:22,449 [INFO] [global_logger] Baza danych zainicjalizowana pomyślnie.
2026-02-18 00:06:35,083 [INFO] [global_logger] Zamykanie połączeń z bazą danych...
2026-02-18 00:06:35,085 [INFO] [global_logger] Połączenia z bazą zostały zamknięte.
2026-02-18 00:06:35,500 [INFO] [global_logger] Uruchamianie aplikacji – inicjalizacja bazy danych...
2026-02-18 00:06:35,503 [INFO] [global_logger] Baza danych zainicjalizowana pomyślnie.
2026-02-18 00:06:37,263 [INFO] [global_logger] Getting user with id: 0
2026-02-18 00:06:37,264 [INFO] [global_logger] Fetching user with id=0
2026-02-18 00:07:07,998 [INFO] [global_logger] Zamykanie połączeń z bazą danych...
2026-02-18 00:07:08,000 [INFO] [global_logger] Połączenia z bazą zostały zamknięte.
2026-02-18 00:07:08,402 [INFO] [global_logger] Uruchamianie aplikacji – inicjalizacja bazy danych...
2026-02-18 00:07:08,405 [INFO] [global_logger] Baza danych zainicjalizowana pomyślnie.
2026-02-18 00:07:10,272 [INFO] [global_logger] Getting user with id: 0
2026-02-18 00:07:10,273 [INFO] [global_logger] Fetching user with id=0
2026-02-18 00:07:10,276 [WARNING] [global_logger] User with id=0 not found
2026-02-18 00:07:21,677 [INFO] [global_logger] Getting user with id: 1
2026-02-18 00:07:21,677 [INFO] [global_logger] Fetching user with id=1
2026-02-18 00:07:21,679 [INFO] [global_logger] User fetched successfully: 1
2026-02-18 00:07:25,029 [INFO] [global_logger] Getting user with id: 2
2026-02-18 00:07:25,029 [INFO] [global_logger] Fetching user with id=2
2026-02-18 00:07:25,030 [INFO] [global_logger] User fetched successfully: 2
2026-02-18 00:07:27,294 [INFO] [global_logger] Getting user with id: 3
2026-02-18 00:07:27,295 [INFO] [global_logger] Fetching user with id=3
2026-02-18 00:07:27,295 [INFO] [global_logger] User fetched successfully: 3
2026-02-18 00:07:29,183 [INFO] [global_logger] Getting user with id: 4
2026-02-18 00:07:29,183 [INFO] [global_logger] Fetching user with id=4
2026-02-18 00:07:29,185 [INFO] [global_logger] User fetched successfully: 4
2026-02-18 00:07:31,914 [INFO] [global_logger] Getting user with id: 5
2026-02-18 00:07:31,914 [INFO] [global_logger] Fetching user with id=5
2026-02-18 00:07:31,915 [INFO] [global_logger] User fetched successfully: 5
2026-02-18 00:07:38,870 [INFO] [global_logger] Getting user with id: 6
2026-02-18 00:07:38,870 [INFO] [global_logger] Fetching user with id=6
2026-02-18 00:07:38,871 [INFO] [global_logger] User fetched successfully: 6
2026-02-18 00:07:41,590 [INFO] [global_logger] Getting user with id: 7
2026-02-18 00:07:41,590 [INFO] [global_logger] Fetching user with id=7
2026-02-18 00:07:41,591 [INFO] [global_logger] User fetched successfully: 7
2026-02-18 00:07:43,422 [INFO] [global_logger] Getting user with id: 8
2026-02-18 00:07:43,422 [INFO] [global_logger] Fetching user with id=8
2026-02-18 00:07:43,423 [INFO] [global_logger] User fetched successfully: 8
2026-02-18 00:07:45,336 [INFO] [global_logger] Getting user with id: 88
2026-02-18 00:07:45,336 [INFO] [global_logger] Fetching user with id=88
2026-02-18 00:07:45,337 [WARNING] [global_logger] User with id=88 not found
2026-02-18 00:08:44,840 [INFO] [global_logger] Getting user with id: 1
2026-02-18 00:08:44,841 [INFO] [global_logger] Fetching user with id=1
2026-02-18 00:08:44,842 [INFO] [global_logger] User fetched successfully: 1
2026-02-18 00:11:23,520 [INFO] [global_logger] Zamykanie połączeń z bazą danych...
2026-02-18 00:11:23,521 [INFO] [global_logger] Połączenia z bazą zostały zamknięte.
2026-02-18 00:11:23,970 [INFO] [global_logger] Uruchamianie aplikacji – inicjalizacja bazy danych...
2026-02-18 00:11:23,973 [INFO] [global_logger] Baza danych zainicjalizowana pomyślnie.
2026-02-18 00:11:26,554 [INFO] [global_logger] Getting user with email: alice@example.com
2026-02-18 00:11:52,065 [INFO] [global_logger] Getting user with email: alice@example.com
2026-02-18 00:13:13,687 [INFO] [global_logger] Zamykanie połączeń z bazą danych...
2026-02-18 00:13:13,689 [INFO] [global_logger] Połączenia z bazą zostały zamknięte.
2026-02-18 00:13:14,125 [INFO] [global_logger] Uruchamianie aplikacji – inicjalizacja bazy danych...
2026-02-18 00:13:14,127 [INFO] [global_logger] Baza danych zainicjalizowana pomyślnie.
2026-02-18 00:13:18,901 [INFO] [global_logger] Getting user with email: alice@example.com
2026-02-18 00:13:18,901 [INFO] [global_logger] Fetching user with email=alice@example.com
2026-02-18 00:13:23,717 [INFO] [global_logger] Getting user with email: alice@example.com
2026-02-18 00:13:23,717 [INFO] [global_logger] Fetching user with email=alice@example.com
2026-02-18 00:15:51,396 [INFO] [global_logger] Uruchamianie serwera FastAPI na http://127.0.0.1:8000
2026-02-18 00:15:51,867 [INFO] [global_logger] Uruchamianie aplikacji – inicjalizacja bazy danych...
2026-02-18 00:15:51,870 [INFO] [global_logger] Baza danych zainicjalizowana pomyślnie.
2026-02-18 00:17:02,466 [INFO] [global_logger] Zamykanie połączeń z bazą danych...
2026-02-18 00:17:02,469 [INFO] [global_logger] Połączenia z bazą zostały zamknięte.
2026-02-18 00:17:02,873 [INFO] [global_logger] Uruchamianie aplikacji – inicjalizacja bazy danych...
2026-02-18 00:17:02,876 [INFO] [global_logger] Baza danych zainicjalizowana pomyślnie.
2026-02-18 00:17:07,430 [INFO] [global_logger] Getting user with email: alice@example.com
2026-02-18 00:17:07,431 [INFO] [global_logger] Fetching user with email=alice@example.com
2026-02-18 00:17:07,434 [INFO] [global_logger] User fetched successfully: alice@example.com
2026-02-18 00:20:27,661 [INFO] [global_logger] Zamykanie połączeń z bazą danych...
2026-02-18 00:20:27,664 [INFO] [global_logger] Połączenia z bazą zostały zamknięte.
2026-02-18 00:20:28,069 [INFO] [global_logger] Uruchamianie aplikacji – inicjalizacja bazy danych...
2026-02-18 00:20:28,072 [INFO] [global_logger] Baza danych zainicjalizowana pomyślnie.
2026-02-18 00:20:35,881 [INFO] [global_logger] Login user :email='alice@example.com' password='SuperSecure123!'
2026-02-18 00:20:35,881 [INFO] [global_logger] Logging user with email: alice@example.com
2026-02-18 00:20:54,390 [INFO] [global_logger] Getting user with id: 1
2026-02-18 00:20:54,391 [INFO] [global_logger] Fetching user with id=1
2026-02-18 00:20:54,392 [INFO] [global_logger] User fetched successfully: 1
2026-02-18 00:20:59,242 [INFO] [global_logger] Getting user with id: 2
2026-02-18 00:20:59,242 [INFO] [global_logger] Fetching user with id=2
2026-02-18 00:20:59,243 [INFO] [global_logger] User fetched successfully: 2
2026-02-18 00:21:01,899 [INFO] [global_logger] Getting user with id: 3
2026-02-18 00:21:01,899 [INFO] [global_logger] Fetching user with id=3
2026-02-18 00:21:01,900 [INFO] [global_logger] User fetched successfully: 3
2026-02-18 00:21:03,680 [INFO] [global_logger] Getting user with id: 4
2026-02-18 00:21:03,680 [INFO] [global_logger] Fetching user with id=4
2026-02-18 00:21:03,681 [INFO] [global_logger] User fetched successfully: 4
2026-02-18 00:21:06,499 [INFO] [global_logger] Getting user with id: 5
2026-02-18 00:21:06,499 [INFO] [global_logger] Fetching user with id=5
2026-02-18 00:21:06,500 [INFO] [global_logger] User fetched successfully: 5
2026-02-18 00:21:10,190 [INFO] [global_logger] Getting user with email: alice@example.com
2026-02-18 00:21:10,190 [INFO] [global_logger] Fetching user with email=alice@example.com
2026-02-18 00:21:10,191 [INFO] [global_logger] User fetched successfully: alice@example.com
2026-02-18 00:26:27,989 [INFO] [global_logger] Zamykanie połączeń z bazą danych...
2026-02-18 00:26:27,991 [INFO] [global_logger] Połączenia z bazą zostały zamknięte.
2026-02-18 00:26:28,435 [INFO] [global_logger] Uruchamianie aplikacji – inicjalizacja bazy danych...
2026-02-18 00:26:28,438 [INFO] [global_logger] Baza danych zainicjalizowana pomyślnie.
2026-02-18 00:28:50,237 [INFO] [global_logger] Zamykanie połączeń z bazą danych...
2026-02-18 00:28:50,239 [INFO] [global_logger] Połączenia z bazą zostały zamknięte.
2026-02-18 00:28:50,645 [INFO] [global_logger] Uruchamianie aplikacji – inicjalizacja bazy danych...
2026-02-18 00:28:50,648 [INFO] [global_logger] Baza danych zainicjalizowana pomyślnie.
2026-02-18 00:29:03,785 [INFO] [global_logger] Zamykanie połączeń z bazą danych...
2026-02-18 00:29:03,786 [INFO] [global_logger] Połączenia z bazą zostały zamknięte.
2026-02-18 00:29:04,221 [INFO] [global_logger] Uruchamianie aplikacji – inicjalizacja bazy danych...
2026-02-18 00:29:04,224 [INFO] [global_logger] Baza danych zainicjalizowana pomyślnie.
2026-02-18 00:30:37,184 [INFO] [global_logger] Zamykanie połączeń z bazą danych...
2026-02-18 00:30:37,186 [INFO] [global_logger] Połączenia z bazą zostały zamknięte.
2026-02-18 00:30:37,598 [INFO] [global_logger] Uruchamianie aplikacji – inicjalizacja bazy danych...
2026-02-18 00:30:37,601 [INFO] [global_logger] Baza danych zainicjalizowana pomyślnie.
2026-02-18 00:33:10,491 [INFO] [global_logger] Zamykanie połączeń z bazą danych...
2026-02-18 00:33:10,493 [INFO] [global_logger] Połączenia z bazą zostały zamknięte.
2026-02-18 00:33:10,915 [INFO] [global_logger] Uruchamianie aplikacji – inicjalizacja bazy danych...
2026-02-18 00:33:10,918 [INFO] [global_logger] Baza danych zainicjalizowana pomyślnie.
2026-02-18 00:37:27,225 [INFO] [global_logger] Zamykanie połączeń z bazą danych...
2026-02-18 00:37:27,227 [INFO] [global_logger] Połączenia z bazą zostały zamknięte.
2026-02-18 00:37:27,644 [INFO] [global_logger] Uruchamianie aplikacji – inicjalizacja bazy danych...
2026-02-18 00:37:27,646 [INFO] [global_logger] Baza danych zainicjalizowana pomyślnie.
2026-02-18 00:38:36,329 [INFO] [global_logger] Zamykanie połączeń z bazą danych...
2026-02-18 00:38:36,331 [INFO] [global_logger] Połączenia z bazą zostały zamknięte.
2026-02-18 00:38:36,731 [INFO] [global_logger] Uruchamianie aplikacji – inicjalizacja bazy danych...
2026-02-18 00:38:36,734 [INFO] [global_logger] Baza danych zainicjalizowana pomyślnie.
2026-02-18 00:38:44,657 [INFO] [global_logger] Zamykanie połączeń z bazą danych...
2026-02-18 00:38:44,659 [INFO] [global_logger] Połączenia z bazą zostały zamknięte.
2026-02-18 00:38:45,086 [INFO] [global_logger] Uruchamianie aplikacji – inicjalizacja bazy danych...
2026-02-18 00:38:45,089 [INFO] [global_logger] Baza danych zainicjalizowana pomyślnie.
2026-02-18 00:41:06,962 [INFO] [global_logger] Zamykanie połączeń z bazą danych...
2026-02-18 00:41:06,964 [INFO] [global_logger] Połączenia z bazą zostały zamknięte.
2026-02-18 00:41:07,417 [INFO] [global_logger] Uruchamianie aplikacji – inicjalizacja bazy danych...
2026-02-18 00:41:07,419 [INFO] [global_logger] Baza danych zainicjalizowana pomyślnie.
2026-02-18 00:42:28,542 [INFO] [global_logger] Zamykanie połączeń z bazą danych...
2026-02-18 00:42:28,545 [INFO] [global_logger] Połączenia z bazą zostały zamknięte.
2026-02-18 00:42:28,969 [INFO] [global_logger] Uruchamianie aplikacji – inicjalizacja bazy danych...
2026-02-18 00:42:28,972 [INFO] [global_logger] Baza danych zainicjalizowana pomyślnie.
2026-02-18 00:43:23,233 [INFO] [global_logger] Zamykanie połączeń z bazą danych...
2026-02-18 00:43:23,234 [INFO] [global_logger] Połączenia z bazą zostały zamknięte.
2026-02-18 00:43:23,662 [INFO] [global_logger] Uruchamianie aplikacji – inicjalizacja bazy danych...
2026-02-18 00:43:23,665 [INFO] [global_logger] Baza danych zainicjalizowana pomyślnie.
2026-02-18 00:50:47,177 [INFO] [global_logger] Zamykanie połączeń z bazą danych...
2026-02-18 00:50:47,178 [INFO] [global_logger] Połączenia z bazą zostały zamknięte.
2026-02-18 00:51:11,158 [INFO] [global_logger] Uruchamianie aplikacji – inicjalizacja bazy danych...
2026-02-18 00:51:11,161 [INFO] [global_logger] Baza danych zainicjalizowana pomyślnie.
2026-02-18 00:55:35,917 [INFO] [global_logger] Zamykanie połączeń z bazą danych...
2026-02-18 00:55:35,919 [INFO] [global_logger] Połączenia z bazą zostały zamknięte.
2026-02-18 00:55:36,330 [INFO] [global_logger] Uruchamianie aplikacji – inicjalizacja bazy danych...
2026-02-18 00:55:36,333 [INFO] [global_logger] Baza danych zainicjalizowana pomyślnie.
2026-02-18 00:56:16,450 [INFO] [global_logger] Zamykanie połączeń z bazą danych...
2026-02-18 00:56:16,452 [INFO] [global_logger] Połączenia z bazą zostały zamknięte.
2026-02-18 00:56:16,882 [INFO] [global_logger] Uruchamianie aplikacji – inicjalizacja bazy danych...
2026-02-18 00:56:16,885 [INFO] [global_logger] Baza danych zainicjalizowana pomyślnie.
2026-02-18 00:56:24,807 [INFO] [global_logger] Zamykanie połączeń z bazą danych...
2026-02-18 00:56:24,809 [INFO] [global_logger] Połączenia z bazą zostały zamknięte.
2026-02-18 00:56:25,217 [INFO] [global_logger] Uruchamianie aplikacji – inicjalizacja bazy danych...
2026-02-18 00:56:25,222 [INFO] [global_logger] Baza danych zainicjalizowana pomyślnie.
2026-02-18 00:57:44,695 [INFO] [global_logger] Login user :email='alice@example.com' password='SuperSecure123!'
2026-02-18 00:57:44,695 [INFO] [global_logger] Logging user with email: alice@example.com
2026-02-18 01:05:59,298 [INFO] [global_logger] Uruchamianie serwera FastAPI na http://127.0.0.1:8000
2026-02-18 01:05:59,718 [INFO] [global_logger] Uruchamianie aplikacji – inicjalizacja bazy danych...
2026-02-18 01:05:59,720 [INFO] [global_logger] Baza danych zainicjalizowana pomyślnie.
2026-02-18 01:07:28,375 [INFO] [global_logger] Zamykanie połączeń z bazą danych...
2026-02-18 01:07:28,377 [INFO] [global_logger] Połączenia z bazą zostały zamknięte.
2026-02-18 01:07:28,790 [INFO] [global_logger] Uruchamianie aplikacji – inicjalizacja bazy danych...
2026-02-18 01:07:28,792 [INFO] [global_logger] Baza danych zainicjalizowana pomyślnie.
2026-02-18 01:08:21,642 [INFO] [global_logger] Zamykanie połączeń z bazą danych...
2026-02-18 01:08:21,643 [INFO] [global_logger] Połączenia z bazą zostały zamknięte.
2026-02-18 01:08:22,055 [INFO] [global_logger] Uruchamianie aplikacji – inicjalizacja bazy danych...
2026-02-18 01:08:22,056 [INFO] [global_logger] Baza danych zainicjalizowana pomyślnie.
2026-02-18 01:08:37,504 [INFO] [global_logger] Zamykanie połączeń z bazą danych...
2026-02-18 01:08:37,505 [INFO] [global_logger] Połączenia z bazą zostały zamknięte.
2026-02-18 01:08:37,928 [INFO] [global_logger] Uruchamianie aplikacji – inicjalizacja bazy danych...
2026-02-18 01:08:37,932 [INFO] [global_logger] Baza danych zainicjalizowana pomyślnie.
2026-02-18 01:12:48,416 [INFO] [global_logger] Zamykanie połączeń z bazą danych...
2026-02-18 01:12:48,417 [INFO] [global_logger] Połączenia z bazą zostały zamknięte.
2026-02-18 01:12:48,831 [INFO] [global_logger] Uruchamianie aplikacji – inicjalizacja bazy danych...
2026-02-18 01:12:48,833 [INFO] [global_logger] Baza danych zainicjalizowana pomyślnie.
2026-02-18 01:12:49,837 [INFO] [global_logger] Zamykanie połączeń z bazą danych...
2026-02-18 01:12:49,838 [INFO] [global_logger] Połączenia z bazą zostały zamknięte.
2026-02-18 01:12:52,204 [INFO] [global_logger] Uruchamianie serwera FastAPI na http://127.0.0.1:8000
2026-02-18 01:12:52,602 [INFO] [global_logger] Uruchamianie aplikacji – inicjalizacja bazy danych...
2026-02-18 01:12:52,605 [INFO] [global_logger] Baza danych zainicjalizowana pomyślnie.
2026-02-18 01:13:17,780 [INFO] [global_logger] Zamykanie połączeń z bazą danych...
2026-02-18 01:13:17,783 [INFO] [global_logger] Połączenia z bazą zostały zamknięte.
2026-02-18 01:13:19,593 [INFO] [global_logger] Uruchamianie serwera FastAPI na http://127.0.0.1:8000
2026-02-18 01:13:20,001 [INFO] [global_logger] Uruchamianie aplikacji – inicjalizacja bazy danych...
2026-02-18 01:13:20,005 [INFO] [global_logger] Baza danych zainicjalizowana pomyślnie.
2026-02-18 01:13:37,856 [INFO] [global_logger] Zamykanie połączeń z bazą danych...
2026-02-18 01:13:37,857 [INFO] [global_logger] Połączenia z bazą zostały zamknięte.
2026-02-18 01:14:17,422 [INFO] [global_logger] Uruchamianie serwera FastAPI na http://127.0.0.1:8000
2026-02-18 01:14:17,816 [INFO] [global_logger] Uruchamianie aplikacji – inicjalizacja bazy danych...
2026-02-18 01:14:17,818 [INFO] [global_logger] Baza danych zainicjalizowana pomyślnie.
2026-02-18 01:14:26,742 [INFO] [global_logger] Zamykanie połączeń z bazą danych...
2026-02-18 01:14:26,744 [INFO] [global_logger] Połączenia z bazą zostały zamknięte.
2026-02-18 01:15:04,613 [INFO] [global_logger] Uruchamianie serwera FastAPI na http://127.0.0.1:8000
2026-02-18 01:15:05,018 [INFO] [global_logger] Uruchamianie aplikacji – inicjalizacja bazy danych...
2026-02-18 01:15:05,020 [INFO] [global_logger] Baza danych zainicjalizowana pomyślnie.
2026-02-18 01:15:36,408 [INFO] [global_logger] Zamykanie połączeń z bazą danych...
2026-02-18 01:15:36,411 [INFO] [global_logger] Połączenia z bazą zostały zamknięte.
2026-02-18 01:15:49,819 [INFO] [global_logger] Uruchamianie serwera FastAPI na http://127.0.0.1:8000
2026-02-18 01:15:50,227 [INFO] [global_logger] Uruchamianie aplikacji – inicjalizacja bazy danych...
2026-02-18 01:15:50,230 [INFO] [global_logger] Baza danych zainicjalizowana pomyślnie.
2026-02-18 01:17:15,152 [INFO] [global_logger] Login user :email='alice@example.com' password='SuperSecure123!'
2026-02-18 01:17:15,153 [INFO] [global_logger] Logging user with email: alice@example.com
2026-02-18 01:19:15,092 [INFO] [global_logger] Zamykanie połączeń z bazą danych...
2026-02-18 01:19:15,093 [INFO] [global_logger] Połączenia z bazą zostały zamknięte.
2026-02-18 01:19:15,519 [INFO] [global_logger] Uruchamianie aplikacji – inicjalizacja bazy danych...
2026-02-18 01:19:15,522 [INFO] [global_logger] Baza danych zainicjalizowana pomyślnie.
2026-02-18 01:19:24,883 [INFO] [global_logger] Login user :email='alice@example.com' password='SuperSecure123!'
2026-02-18 01:19:24,884 [INFO] [global_logger] Logging user with email: alice@example.com
2026-02-18 01:19:24,891 [INFO] [global_logger] Getting user with id: 1
2026-02-18 01:19:24,891 [INFO] [global_logger] Fetching user with id=1
2026-02-18 01:19:24,893 [INFO] [global_logger] User fetched successfully: 1
2026-02-18 01:19:24,937 [INFO] [global_logger] Getting user with email: alice@example.com
2026-02-18 01:19:24,937 [INFO] [global_logger] Fetching user with email=alice@example.com
2026-02-18 01:19:24,938 [INFO] [global_logger] User fetched successfully: alice@example.com
2026-02-18 01:25:06,516 [INFO] [global_logger] Zamykanie połączeń z bazą danych...
2026-02-18 01:25:06,517 [INFO] [global_logger] Połączenia z bazą zostały zamknięte.
2026-02-18 01:25:06,947 [INFO] [global_logger] Uruchamianie aplikacji – inicjalizacja bazy danych...
2026-02-18 01:25:06,950 [INFO] [global_logger] Baza danych zainicjalizowana pomyślnie.
2026-02-18 01:30:30,135 [INFO] [global_logger] Login user :email='alice@example.com' password='SuperSecure123!'
2026-02-18 01:30:30,136 [INFO] [global_logger] Logging user with email: alice@example.com
2026-02-18 01:30:30,143 [INFO] [global_logger] Getting user with id: 1
2026-02-18 01:30:30,144 [INFO] [global_logger] Fetching user with id=1
2026-02-18 01:30:30,145 [INFO] [global_logger] User fetched successfully: 1
2026-02-18 01:30:30,188 [INFO] [global_logger] Getting user with email: alice@example.com
2026-02-18 01:30:30,189 [INFO] [global_logger] Fetching user with email=alice@example.com
2026-02-18 01:30:30,190 [INFO] [global_logger] User fetched successfully: alice@example.com
2026-02-18 01:30:30,237 [INFO] [global_logger] Update user with email: alice_updated@example.com
2026-02-18 01:33:55,371 [INFO] [global_logger] Zamykanie połączeń z bazą danych...
2026-02-18 01:33:55,371 [INFO] [global_logger] Połączenia z bazą zostały zamknięte.
2026-02-18 01:33:55,794 [INFO] [global_logger] Uruchamianie aplikacji – inicjalizacja bazy danych...
2026-02-18 01:33:55,797 [INFO] [global_logger] Baza danych zainicjalizowana pomyślnie.
2026-02-18 01:33:57,402 [INFO] [global_logger] Login user :email='alice@example.com' password='SuperSecure123!'
2026-02-18 01:33:57,403 [INFO] [global_logger] Logging user with email: alice@example.com
2026-02-18 01:33:57,410 [INFO] [global_logger] Getting user with id: 1
2026-02-18 01:33:57,410 [INFO] [global_logger] Fetching user with id=1
2026-02-18 01:33:57,412 [INFO] [global_logger] User fetched successfully: 1
2026-02-18 01:33:57,456 [INFO] [global_logger] Getting user with email: alice@example.com
2026-02-18 01:33:57,456 [INFO] [global_logger] Fetching user with email=alice@example.com
2026-02-18 01:33:57,457 [INFO] [global_logger] User fetched successfully: alice@example.com
2026-02-18 01:33:57,501 [INFO] [global_logger] Update user with email: alice_updated@example.com
2026-02-18 01:34:27,890 [INFO] [global_logger] Zamykanie połączeń z bazą danych...
2026-02-18 01:34:27,891 [INFO] [global_logger] Połączenia z bazą zostały zamknięte.
2026-02-18 01:34:28,346 [INFO] [global_logger] Uruchamianie aplikacji – inicjalizacja bazy danych...
2026-02-18 01:34:28,349 [INFO] [global_logger] Baza danych zainicjalizowana pomyślnie.
2026-02-18 01:34:31,337 [INFO] [global_logger] Login user :email='alice@example.com' password='SuperSecure123!'
2026-02-18 01:34:31,337 [INFO] [global_logger] Logging user with email: alice@example.com
2026-02-18 01:34:31,347 [INFO] [global_logger] Getting user with id: 1
2026-02-18 01:34:31,347 [INFO] [global_logger] Fetching user with id=1
2026-02-18 01:34:31,349 [INFO] [global_logger] User fetched successfully: 1
2026-02-18 01:34:31,395 [INFO] [global_logger] Getting user with email: alice@example.com
2026-02-18 01:34:31,395 [INFO] [global_logger] Fetching user with email=alice@example.com
2026-02-18 01:34:31,396 [INFO] [global_logger] User fetched successfully: alice@example.com
2026-02-18 01:34:31,441 [INFO] [global_logger] Update user with email: alice_updated@example.com
2026-02-18 01:35:27,110 [INFO] [global_logger] Zamykanie połączeń z bazą danych...
2026-02-18 01:35:27,113 [INFO] [global_logger] Połączenia z bazą zostały zamknięte.
2026-02-18 01:35:27,551 [INFO] [global_logger] Uruchamianie aplikacji – inicjalizacja bazy danych...
2026-02-18 01:35:27,554 [INFO] [global_logger] Baza danych zainicjalizowana pomyślnie.
2026-02-18 01:35:29,564 [INFO] [global_logger] Login user :email='alice@example.com' password='SuperSecure123!'
2026-02-18 01:35:29,564 [INFO] [global_logger] Logging user with email: alice@example.com
2026-02-18 01:35:29,571 [INFO] [global_logger] Getting user with id: 1
2026-02-18 01:35:29,572 [INFO] [global_logger] Fetching user with id=1
2026-02-18 01:35:29,573 [INFO] [global_logger] User fetched successfully: 1
2026-02-18 01:35:29,618 [INFO] [global_logger] Getting user with email: alice@example.com
2026-02-18 01:35:29,618 [INFO] [global_logger] Fetching user with email=alice@example.com
2026-02-18 01:35:29,619 [INFO] [global_logger] User fetched successfully: alice@example.com
2026-02-18 01:35:29,662 [INFO] [global_logger] Update user with email: alice_updated@example.com
2026-02-18 01:35:29,664 [INFO] [global_logger] User updated successfully: 1
2026-02-18 01:37:28,610 [INFO] [global_logger] Zamykanie połączeń z bazą danych...
2026-02-18 01:37:28,611 [INFO] [global_logger] Połączenia z bazą zostały zamknięte.
2026-02-18 01:37:29,035 [INFO] [global_logger] Uruchamianie aplikacji – inicjalizacja bazy danych...
2026-02-18 01:37:29,038 [INFO] [global_logger] Baza danych zainicjalizowana pomyślnie.
2026-02-18 01:37:29,097 [INFO] [global_logger] Create user in database
2026-02-18 01:37:29,108 [INFO] [global_logger] Pierwszy użytkownik utworzony: admin@example.com
2026-02-18 01:37:38,034 [INFO] [global_logger] Zamykanie połączeń z bazą danych...
2026-02-18 01:37:38,036 [INFO] [global_logger] Połączenia z bazą zostały zamknięte.
2026-02-18 01:37:41,304 [INFO] [global_logger] Uruchamianie serwera FastAPI na http://127.0.0.1:8000
2026-02-18 01:37:41,721 [INFO] [global_logger] Uruchamianie aplikacji – inicjalizacja bazy danych...
2026-02-18 01:37:41,738 [INFO] [global_logger] Baza danych zainicjalizowana pomyślnie.
2026-02-18 01:37:41,800 [INFO] [global_logger] Create user in database
2026-02-18 01:37:41,809 [INFO] [global_logger] Pierwszy użytkownik utworzony: admin@example.com
2026-02-18 01:38:18,853 [INFO] [global_logger] Login user :email='admin@example.com' password='SuperSecure123!'
2026-02-18 01:38:18,853 [INFO] [global_logger] Logging user with email: admin@example.com
2026-02-18 01:38:18,862 [INFO] [global_logger] Getting user with id: 1
2026-02-18 01:38:18,863 [INFO] [global_logger] Fetching user with id=1
2026-02-18 01:38:18,865 [INFO] [global_logger] User fetched successfully: 1
2026-02-18 01:38:18,910 [INFO] [global_logger] Getting user with email: alice@example.com
2026-02-18 01:38:18,910 [INFO] [global_logger] Fetching user with email=alice@example.com
2026-02-18 01:38:18,911 [WARNING] [global_logger] User with email=alice@example.com not found
2026-02-18 01:38:18,955 [INFO] [global_logger] Update user with email: alice_updated@example.com
2026-02-18 01:38:18,959 [INFO] [global_logger] User updated successfully: 1
2026-02-18 01:38:55,174 [INFO] [global_logger] Login user :email='admin@example.com' password='SuperSecure123!'
2026-02-18 01:38:55,174 [INFO] [global_logger] Logging user with email: admin@example.com
2026-02-18 01:38:55,175 [WARNING] [global_logger] Failed login attempt for email: admin@example.com
2026-02-18 01:39:03,436 [INFO] [global_logger] Zamykanie połączeń z bazą danych...
2026-02-18 01:39:03,437 [INFO] [global_logger] Połączenia z bazą zostały zamknięte.
2026-02-18 01:39:05,238 [INFO] [global_logger] Uruchamianie serwera FastAPI na http://127.0.0.1:8000
2026-02-18 01:39:05,650 [INFO] [global_logger] Uruchamianie aplikacji – inicjalizacja bazy danych...
2026-02-18 01:39:05,667 [INFO] [global_logger] Baza danych zainicjalizowana pomyślnie.
2026-02-18 01:39:05,729 [INFO] [global_logger] Create user in database
2026-02-18 01:39:05,738 [INFO] [global_logger] Pierwszy użytkownik utworzony: admin@example.com
2026-02-18 01:39:06,944 [INFO] [global_logger] Login user :email='admin@example.com' password='SuperSecure123!'
2026-02-18 01:39:06,944 [INFO] [global_logger] Logging user with email: admin@example.com
2026-02-18 01:39:06,954 [INFO] [global_logger] Getting user with id: 1
2026-02-18 01:39:06,954 [INFO] [global_logger] Fetching user with id=1
2026-02-18 01:39:06,956 [INFO] [global_logger] User fetched successfully: 1
2026-02-18 01:39:07,002 [INFO] [global_logger] Getting user with email: admin@example.com
2026-02-18 01:39:07,002 [INFO] [global_logger] Fetching user with email=admin@example.com
2026-02-18 01:39:07,004 [INFO] [global_logger] User fetched successfully: admin@example.com
2026-02-18 01:39:07,049 [INFO] [global_logger] Update user with email: alice_updated@example.com
2026-02-18 01:39:07,052 [INFO] [global_logger] User updated successfully: 1
2026-02-18 01:39:27,300 [INFO] [global_logger] Zamykanie połączeń z bazą danych...
2026-02-18 01:39:27,302 [INFO] [global_logger] Połączenia z bazą zostały zamknięte.
2026-02-18 01:39:28,467 [INFO] [global_logger] Uruchamianie serwera FastAPI na http://127.0.0.1:8000
2026-02-18 01:39:28,867 [INFO] [global_logger] Uruchamianie aplikacji – inicjalizacja bazy danych...
2026-02-18 01:39:28,881 [INFO] [global_logger] Baza danych zainicjalizowana pomyślnie.
2026-02-18 01:39:28,939 [INFO] [global_logger] Create user in database
2026-02-18 01:39:28,946 [INFO] [global_logger] Pierwszy użytkownik utworzony: admin@example.com
2026-02-18 01:39:48,374 [INFO] [global_logger] Login user :email='admin@example.com' password='SuperSecure123!'
2026-02-18 01:39:48,374 [INFO] [global_logger] Logging user with email: admin@example.com
